Determining if the pthread_create exist failed with the following output:
Change Dir: /home/reza/Codes/Git/ROBUSfT_fullCPU/build/CMakeFiles/CMakeTmp

Run Build Command:"/usr/bin/make" "cmTC_e4185/fast"
/usr/bin/make -f CMakeFiles/cmTC_e4185.dir/build.make CMakeFiles/cmTC_e4185.dir/build
make[1]: Entering directory '/home/reza/Codes/Git/ROBUSfT_fullCPU/build/CMakeFiles/CMakeTmp'
Building C object CMakeFiles/cmTC_e4185.dir/CheckSymbolExists.c.o
/usr/bin/cc    -o CMakeFiles/cmTC_e4185.dir/CheckSymbolExists.c.o   -c /home/reza/Codes/Git/ROBUSfT_fullCPU/build/CMakeFiles/CMakeTmp/CheckSymbolExists.c
Linking C executable cmTC_e4185
/usr/bin/cmake -E cmake_link_script CMakeFiles/cmTC_e4185.dir/link.txt --verbose=1
/usr/bin/cc      CMakeFiles/cmTC_e4185.dir/CheckSymbolExists.c.o  -o cmTC_e4185 
CMakeFiles/cmTC_e4185.dir/CheckSymbolExists.c.o: In function `main':
CheckSymbolExists.c:(.text+0x1b): undefined reference to `pthread_create'
collect2: error: ld returned 1 exit status
CMakeFiles/cmTC_e4185.dir/build.make:97: recipe for target 'cmTC_e4185' failed
make[1]: *** [cmTC_e4185] Error 1
make[1]: Leaving directory '/home/reza/Codes/Git/ROBUSfT_fullCPU/build/CMakeFiles/CMakeTmp'
Makefile:126: recipe for target 'cmTC_e4185/fast' failed
make: *** [cmTC_e4185/fast] Error 2

File /home/reza/Codes/Git/ROBUSfT_fullCPU/build/CMakeFiles/CMakeTmp/CheckSymbolExists.c:
/* */
#include <pthread.h>

int main(int argc, char** argv)
{
  (void)argv;
#ifndef pthread_create
  return ((int*)(&pthread_create))[argc];
#else
  (void)argc;
  return 0;
#endif
}

Determining if the function pthread_create exists in the pthreads failed with the following output:
Change Dir: /home/reza/Codes/Git/ROBUSfT_fullCPU/build/CMakeFiles/CMakeTmp

Run Build Command:"/usr/bin/make" "cmTC_76fd9/fast"
/usr/bin/make -f CMakeFiles/cmTC_76fd9.dir/build.make CMakeFiles/cmTC_76fd9.dir/build
make[1]: Entering directory '/home/reza/Codes/Git/ROBUSfT_fullCPU/build/CMakeFiles/CMakeTmp'
Building C object CMakeFiles/cmTC_76fd9.dir/CheckFunctionExists.c.o
/usr/bin/cc   -DCHECK_FUNCTION_EXISTS=pthread_create   -o CMakeFiles/cmTC_76fd9.dir/CheckFunctionExists.c.o   -c /usr/share/cmake-3.10/Modules/CheckFunctionExists.c
Linking C executable cmTC_76fd9
/usr/bin/cmake -E cmake_link_script CMakeFiles/cmTC_76fd9.dir/link.txt --verbose=1
/usr/bin/cc  -DCHECK_FUNCTION_EXISTS=pthread_create    CMakeFiles/cmTC_76fd9.dir/CheckFunctionExists.c.o  -o cmTC_76fd9 -lpthreads 
/usr/bin/ld: cannot find -lpthreads
collect2: error: ld returned 1 exit status
CMakeFiles/cmTC_76fd9.dir/build.make:97: recipe for target 'cmTC_76fd9' failed
make[1]: *** [cmTC_76fd9] Error 1
make[1]: Leaving directory '/home/reza/Codes/Git/ROBUSfT_fullCPU/build/CMakeFiles/CMakeTmp'
Makefile:126: recipe for target 'cmTC_76fd9/fast' failed
make: *** [cmTC_76fd9/fast] Error 2


